<?xml version="1.0" encoding="UTF-8"?>
<testsuite name="Ex02Test" tests="1" skipped="0" failures="0" errors="0" timestamp="2022-10-30T00:45:32" hostname="DESKTOP-ABK5FEO" time="0.022">
  <properties/>
  <testcase name="dobroTest$Kotlin_Ex()" classname="Ex02Test" time="0.022"/>
  <system-out><![CDATA[]]></system-out>
  <system-err><![CDATA[]]></system-err>
</testsuite>
